The system is: Linux - 4.4.0-18362-Microsoft - x86_64
Compiling the C compiler identification source file "CMakeCCompilerId.c" succeeded.
Compiler: /usr/bin/cc 
Build flags: 
Id flags:  

The output was:
0


Compilation of the C compiler identification source "CMakeCCompilerId.c" produced "a.out"

The C compiler identification is GNU, found in "/mnt/c/Users/djwon/CLionProjects/pa3/cmake-build-release-wsl/CMakeFiles/3.10.2/CompilerIdC/a.out"

Determining if the C compiler works passed with the following output:
Change Dir: /mnt/c/Users/djwon/CLionProjects/pa3/cmake-build-release-wsl/CMakeFiles/CMakeTmp

Run Build Command:"/usr/bin/make" "cmTC_dca7f/fast"
/usr/bin/make -f CMakeFiles/cmTC_dca7f.dir/build.make CMakeFiles/cmTC_dca7f.dir/build
make[1]: Entering directory '/mnt/c/Users/djwon/CLionProjects/pa3/cmake-build-release-wsl/CMakeFiles/CMakeTmp'
Building C object CMakeFiles/cmTC_dca7f.dir/testCCompiler.c.o
/usr/bin/cc    -o CMakeFiles/cmTC_dca7f.dir/testCCompiler.c.o   -c /mnt/c/Users/djwon/CLionProjects/pa3/cmake-build-release-wsl/CMakeFiles/CMakeTmp/testCCompiler.c
Linking C executable cmTC_dca7f
/usr/bin/cmake -E cmake_link_script CMakeFiles/cmTC_dca7f.dir/link.txt --verbose=1
/usr/bin/cc      CMakeFiles/cmTC_dca7f.dir/testCCompiler.c.o  -o cmTC_dca7f 
make[1]: Leaving directory '/mnt/c/Users/djwon/CLionProjects/pa3/cmake-build-release-wsl/CMakeFiles/CMakeTmp'


